<?xml version="1.0" encoding="UTF-8"?>
<testng-results skipped="0" failed="0" ignored="0" total="3" passed="3">
  <reporter-output>
  </reporter-output>
  <suite name="Suite" duration-ms="20639" started-at="2018-06-15T10:52:06Z" finished-at="2018-06-15T10:52:26Z">
    <groups>
    </groups>
    <test name="Test" duration-ms="20639" started-at="2018-06-15T10:52:06Z" finished-at="2018-06-15T10:52:26Z">
      <class name="testng.Sbialerts_Test">
        <test-method status="PASS" signature="browser()[pri:0, instance:testng.Sbialerts_Test@19e5ddf]" name="browser" duration-ms="13357" started-at="2018-06-15T10:52:06Z" finished-at="2018-06-15T10:52:19Z">
          <reporter-output>
          </reporter-output>
        </test-method> <!-- browser -->
        <test-method status="PASS" signature="login()[pri:0, instance:testng.Sbialerts_Test@19e5ddf]" name="login" duration-ms="7198" started-at="2018-06-15T10:52:19Z" finished-at="2018-06-15T10:52:26Z">
          <reporter-output>
          </reporter-output>
        </test-method> <!-- login -->
      </class> <!-- testng.Sbialerts_Test -->
      <class name="testng.Sample1_Test">
        <test-method status="PASS" signature="a()[pri:0, instance:testng.Sample1_Test@16aaa8d]" name="a" is-config="true" duration-ms="15" started-at="2018-06-15T10:52:06Z" finished-at="2018-06-15T10:52:06Z">
          <reporter-output>
          </reporter-output>
        </test-method> <!-- a -->
        <test-method status="PASS" signature="before()[pri:0, instance:testng.Sbialerts_Test@19e5ddf]" name="before" is-config="true" duration-ms="0" started-at="2018-06-15T10:52:06Z" finished-at="2018-06-15T10:52:06Z">
          <reporter-output>
          </reporter-output>
        </test-method> <!-- before -->
        <test-method status="PASS" signature="b()[pri:0, instance:testng.Sample1_Test@16aaa8d]" name="b" duration-ms="2" started-at="2018-06-15T10:52:26Z" finished-at="2018-06-15T10:52:26Z">
          <reporter-output>
          </reporter-output>
        </test-method> <!-- b -->
        <test-method status="PASS" signature="c()[pri:0, instance:testng.Sample1_Test@16aaa8d]" name="c" is-config="true" duration-ms="1" started-at="2018-06-15T10:52:26Z" finished-at="2018-06-15T10:52:26Z">
          <reporter-output>
          </reporter-output>
        </test-method> <!-- c -->
        <test-method status="PASS" signature="afterTest()[pri:0, instance:testng.Sbialerts_Test@19e5ddf]" name="afterTest" is-config="true" duration-ms="0" started-at="2018-06-15T10:52:26Z" finished-at="2018-06-15T10:52:26Z">
          <reporter-output>
          </reporter-output>
        </test-method> <!-- afterTest -->
      </class> <!-- testng.Sample1_Test -->
    </test> <!-- Test -->
  </suite> <!-- Suite -->
</testng-results>
