<?xml version="1.0" encoding="UTF-8"?>
<testng-results skipped="0" failed="0" ignored="0" total="1" passed="1">
  <reporter-output>
  </reporter-output>
  <suite name="Default suite" duration-ms="32649" started-at="2018-06-20T10:29:04Z" finished-at="2018-06-20T10:29:37Z">
    <groups>
    </groups>
    <test name="Default test" duration-ms="32649" started-at="2018-06-20T10:29:04Z" finished-at="2018-06-20T10:29:37Z">
      <class name="login_module.Elixir_loginTest">
        <test-method status="PASS" signature="url()[pri:0, instance:login_module.Elixir_loginTest@d68fcd]" name="url" is-config="true" duration-ms="32195" started-at="2018-06-20T10:29:04Z" finished-at="2018-06-20T10:29:37Z">
          <reporter-output>
          </reporter-output>
        </test-method> <!-- url -->
        <test-method status="PASS" signature="login()[pri:0, instance:login_module.Elixir_loginTest@d68fcd]" name="login" duration-ms="316" started-at="2018-06-20T10:29:37Z" finished-at="2018-06-20T10:29:37Z">
          <reporter-output>
          </reporter-output>
        </test-method> <!-- login -->
        <test-method status="PASS" signature="afterTest()[pri:0, instance:login_module.Elixir_loginTest@d68fcd]" name="afterTest" is-config="true" duration-ms="0" started-at="2018-06-20T10:29:37Z" finished-at="2018-06-20T10:29:37Z">
          <reporter-output>
          </reporter-output>
        </test-method> <!-- afterTest -->
      </class> <!-- login_module.Elixir_loginTest -->
    </test> <!-- Default test -->
  </suite> <!-- Default suite -->
</testng-results>
